hello world
Loaded blender (138, 400, 400, 4) torch.Size([40, 4, 4]) [400, 400, 555.5555155968841] ./data/nerf_synthetic/lego
Begin
Number of TRAIN views are 100
Number of TEST views are 3
Number of VAL views are 13
Cleaning up existing TensorBoard files in ./logs/blender_lego_coarse/tensorboard
[Config] Center cropping of size 200 x 200 is enabled until iter 500
[TRAIN] Iter: 100 Loss: 0.11154385656118393  PSNR: 9.525543212890625
[TRAIN] Iter: 200 Loss: 0.09593101590871811  PSNR: 10.18040943145752
[TRAIN] Iter: 300 Loss: 0.09031300246715546  PSNR: 10.442497253417969
[TRAIN] Iter: 400 Loss: 0.047043681144714355  PSNR: 13.27498722076416
test poses shape torch.Size([3, 4, 4])
torch.Size([400, 400, 3]) torch.Size([400, 400])
Saved test results. Mean test PSNR: 16.53
[TRAIN] Iter: 500 Loss: 0.024315372109413147  PSNR: 16.141191482543945
[TRAIN] Iter: 600 Loss: 0.012829536572098732  PSNR: 18.917888641357422
[TRAIN] Iter: 700 Loss: 0.01349158026278019  PSNR: 18.699371337890625
[TRAIN] Iter: 800 Loss: 0.012115683406591415  PSNR: 19.166521072387695
[TRAIN] Iter: 900 Loss: 0.009329291991889477  PSNR: 20.301513671875
[TRAIN] Iter: 1000 Loss: 0.006055321078747511  PSNR: 22.178627014160156
[TRAIN] Iter: 1100 Loss: 0.010625511407852173  PSNR: 19.736501693725586
[TRAIN] Iter: 1200 Loss: 0.011299163103103638  PSNR: 19.46953582763672
[TRAIN] Iter: 1300 Loss: 0.010107497684657574  PSNR: 19.953563690185547
[TRAIN] Iter: 1400 Loss: 0.0062903608195483685  PSNR: 22.01324462890625
[TRAIN] Iter: 1500 Loss: 0.015278610400855541  PSNR: 18.159160614013672
[TRAIN] Iter: 1600 Loss: 0.00646621361374855  PSNR: 21.89349937438965
[TRAIN] Iter: 1700 Loss: 0.008640550076961517  PSNR: 20.634586334228516
[TRAIN] Iter: 1800 Loss: 0.005046585109084845  PSNR: 22.97002410888672
[TRAIN] Iter: 1900 Loss: 0.009873500093817711  PSNR: 20.055288314819336
test poses shape torch.Size([3, 4, 4])
torch.Size([400, 400, 3]) torch.Size([400, 400])
Saved test results. Mean test PSNR: 19.85
[TRAIN] Iter: 2000 Loss: 0.009818516671657562  PSNR: 20.079540252685547
[TRAIN] Iter: 2100 Loss: 0.006341800093650818  PSNR: 21.977874755859375
[TRAIN] Iter: 2200 Loss: 0.005326130427420139  PSNR: 22.735881805419922
[TRAIN] Iter: 2300 Loss: 0.007640100084245205  PSNR: 21.169010162353516
[TRAIN] Iter: 2400 Loss: 0.006751788314431906  PSNR: 21.705810546875
[TRAIN] Iter: 2500 Loss: 0.007122318260371685  PSNR: 21.473785400390625
[TRAIN] Iter: 2600 Loss: 0.00463414192199707  PSNR: 23.34030532836914
[TRAIN] Iter: 2700 Loss: 0.009311679750680923  PSNR: 20.309720993041992
[TRAIN] Iter: 2800 Loss: 0.008024332113564014  PSNR: 20.95591163635254
[TRAIN] Iter: 2900 Loss: 0.007986222393810749  PSNR: 20.976587295532227
[TRAIN] Iter: 3000 Loss: 0.007113311439752579  PSNR: 21.47928237915039
[TRAIN] Iter: 3100 Loss: 0.0070929089561104774  PSNR: 21.491756439208984
[TRAIN] Iter: 3200 Loss: 0.006731001194566488  PSNR: 21.71920394897461
[TRAIN] Iter: 3300 Loss: 0.005701098591089249  PSNR: 22.44041633605957
[TRAIN] Iter: 3400 Loss: 0.00727249588817358  PSNR: 21.38316535949707
[TRAIN] Iter: 3500 Loss: 0.005804955493658781  PSNR: 22.36201286315918
[TRAIN] Iter: 3600 Loss: 0.007162244524806738  PSNR: 21.449508666992188
[TRAIN] Iter: 3700 Loss: 0.0046707261353731155  PSNR: 23.306154251098633
[TRAIN] Iter: 3800 Loss: 0.007533462252467871  PSNR: 21.23005485534668
[TRAIN] Iter: 3900 Loss: 0.006545288022607565  PSNR: 21.840713500976562
[TRAIN] Iter: 4000 Loss: 0.008172217756509781  PSNR: 20.87660026550293
[TRAIN] Iter: 4100 Loss: 0.008159496821463108  PSNR: 20.883365631103516
[TRAIN] Iter: 4200 Loss: 0.006494335830211639  PSNR: 21.874650955200195
[TRAIN] Iter: 4300 Loss: 0.00592655036598444  PSNR: 22.27198028564453
[TRAIN] Iter: 4400 Loss: 0.008480481803417206  PSNR: 20.715795516967773
[TRAIN] Iter: 4500 Loss: 0.007846414111554623  PSNR: 21.053287506103516
[TRAIN] Iter: 4600 Loss: 0.004626508802175522  PSNR: 23.34746742248535
[TRAIN] Iter: 4700 Loss: 0.005150540731847286  PSNR: 22.881471633911133
[TRAIN] Iter: 4800 Loss: 0.006580514367669821  PSNR: 21.81740379333496
[TRAIN] Iter: 4900 Loss: 0.0056406049989163876  PSNR: 22.486743927001953
Saved checkpoints at ./logs/blender_lego_coarse/005000.tar
test poses shape torch.Size([3, 4, 4])
torch.Size([400, 400, 3]) torch.Size([400, 400])
Saved test results. Mean test PSNR: 21.21
[TRAIN] Iter: 5000 Loss: 0.00641138618811965  PSNR: 21.930479049682617
[TRAIN] Iter: 5100 Loss: 0.004764120560139418  PSNR: 23.220172882080078
[TRAIN] Iter: 5200 Loss: 0.006342398934066296  PSNR: 21.977462768554688
[TRAIN] Iter: 5300 Loss: 0.0062622195109725  PSNR: 22.032718658447266
[TRAIN] Iter: 5400 Loss: 0.007567986845970154  PSNR: 21.210195541381836
[TRAIN] Iter: 5500 Loss: 0.006360275205224752  PSNR: 21.965240478515625
[TRAIN] Iter: 5600 Loss: 0.0036419909447431564  PSNR: 24.386611938476562
[TRAIN] Iter: 5700 Loss: 0.007347608916461468  PSNR: 21.338537216186523
[TRAIN] Iter: 5800 Loss: 0.006282659247517586  PSNR: 22.018564224243164
[TRAIN] Iter: 5900 Loss: 0.0071497103199362755  PSNR: 21.457115173339844
[TRAIN] Iter: 6000 Loss: 0.004712573252618313  PSNR: 23.267417907714844
[TRAIN] Iter: 6100 Loss: 0.004643339663743973  PSNR: 23.331695556640625
[TRAIN] Iter: 6200 Loss: 0.0038086315616965294  PSNR: 24.19230842590332
[TRAIN] Iter: 6300 Loss: 0.005270207300782204  PSNR: 22.781723022460938
[TRAIN] Iter: 6400 Loss: 0.005388711579144001  PSNR: 22.685150146484375
[TRAIN] Iter: 6500 Loss: 0.005379233509302139  PSNR: 22.692794799804688
[TRAIN] Iter: 6600 Loss: 0.004127031192183495  PSNR: 23.8436222076416
[TRAIN] Iter: 6700 Loss: 0.005650520324707031  PSNR: 22.479116439819336
[TRAIN] Iter: 6800 Loss: 0.005848571192473173  PSNR: 22.329500198364258
[TRAIN] Iter: 6900 Loss: 0.004975485615432262  PSNR: 23.031644821166992
[TRAIN] Iter: 7000 Loss: 0.005286913365125656  PSNR: 22.76797866821289
[TRAIN] Iter: 7100 Loss: 0.005455610807985067  PSNR: 22.63156509399414
[TRAIN] Iter: 7200 Loss: 0.007051583379507065  PSNR: 21.517131805419922
[TRAIN] Iter: 7300 Loss: 0.00559021532535553  PSNR: 22.525714874267578
[TRAIN] Iter: 7400 Loss: 0.004089252091944218  PSNR: 23.883560180664062
[TRAIN] Iter: 7500 Loss: 0.004288136027753353  PSNR: 23.677316665649414
[TRAIN] Iter: 7600 Loss: 0.006695771124213934  PSNR: 21.741992950439453
[TRAIN] Iter: 7700 Loss: 0.00579206645488739  PSNR: 22.37166404724121
[TRAIN] Iter: 7800 Loss: 0.005805227905511856  PSNR: 22.361806869506836
[TRAIN] Iter: 7900 Loss: 0.006074424367398024  PSNR: 22.164949417114258
[TRAIN] Iter: 8000 Loss: 0.005062501411885023  PSNR: 22.95634651184082
[TRAIN] Iter: 8100 Loss: 0.003745544468984008  PSNR: 24.264850616455078
[TRAIN] Iter: 8200 Loss: 0.004427099134773016  PSNR: 23.53880500793457
[TRAIN] Iter: 8300 Loss: 0.006007430609315634  PSNR: 22.213111877441406
[TRAIN] Iter: 8400 Loss: 0.004992352798581123  PSNR: 23.016948699951172
[TRAIN] Iter: 8500 Loss: 0.005595932714641094  PSNR: 22.52127456665039
[TRAIN] Iter: 8600 Loss: 0.004859742242842913  PSNR: 23.133867263793945
[TRAIN] Iter: 8700 Loss: 0.005864609964191914  PSNR: 22.317607879638672
[TRAIN] Iter: 8800 Loss: 0.007298468612134457  PSNR: 21.3676815032959
[TRAIN] Iter: 8900 Loss: 0.005185979418456554  PSNR: 22.85169219970703
[TRAIN] Iter: 9000 Loss: 0.004009732976555824  PSNR: 23.96884536743164
[TRAIN] Iter: 9100 Loss: 0.0032944544218480587  PSNR: 24.82216453552246
[TRAIN] Iter: 9200 Loss: 0.005861063953489065  PSNR: 22.320234298706055
[TRAIN] Iter: 9300 Loss: 0.006371981929987669  PSNR: 21.95725440979004
[TRAIN] Iter: 9400 Loss: 0.0037394880782812834  PSNR: 24.27187728881836
[TRAIN] Iter: 9500 Loss: 0.004076213575899601  PSNR: 23.897430419921875
[TRAIN] Iter: 9600 Loss: 0.0058914171531796455  PSNR: 22.297801971435547
[TRAIN] Iter: 9700 Loss: 0.006653662770986557  PSNR: 21.769393920898438
[TRAIN] Iter: 9800 Loss: 0.003559783799573779  PSNR: 24.485763549804688
[TRAIN] Iter: 9900 Loss: 0.005598298739641905  PSNR: 22.519439697265625
Saved checkpoints at ./logs/blender_lego_coarse/010000.tar
test poses shape torch.Size([3, 4, 4])
torch.Size([400, 400, 3]) torch.Size([400, 400])
Saved test results. Mean test PSNR: 21.94
[TRAIN] Iter: 10000 Loss: 0.006264666095376015  PSNR: 22.031021118164062
[TRAIN] Iter: 10100 Loss: 0.005698188208043575  PSNR: 22.442630767822266
[TRAIN] Iter: 10200 Loss: 0.004102009814232588  PSNR: 23.870033264160156
[TRAIN] Iter: 10300 Loss: 0.004932530224323273  PSNR: 23.06930160522461
[TRAIN] Iter: 10400 Loss: 0.004773898050189018  PSNR: 23.21126937866211
[TRAIN] Iter: 10500 Loss: 0.004760357551276684  PSNR: 23.223604202270508
[TRAIN] Iter: 10600 Loss: 0.004570068791508675  PSNR: 23.400772094726562
[TRAIN] Iter: 10700 Loss: 0.003346256911754608  PSNR: 24.75440788269043
[TRAIN] Iter: 10800 Loss: 0.0040360912680625916  PSNR: 23.940387725830078
[TRAIN] Iter: 10900 Loss: 0.003886992111802101  PSNR: 24.103862762451172
[TRAIN] Iter: 11000 Loss: 0.00268511357717216  PSNR: 25.71037483215332
[TRAIN] Iter: 11100 Loss: 0.0036766144912689924  PSNR: 24.345518112182617
[TRAIN] Iter: 11200 Loss: 0.003749876981601119  PSNR: 24.259830474853516
[TRAIN] Iter: 11300 Loss: 0.006449459120631218  PSNR: 21.904766082763672
[TRAIN] Iter: 11400 Loss: 0.004973728209733963  PSNR: 23.033178329467773
[TRAIN] Iter: 11500 Loss: 0.003335118992254138  PSNR: 24.76888656616211
[TRAIN] Iter: 11600 Loss: 0.0029937175568193197  PSNR: 25.237890243530273
[TRAIN] Iter: 11700 Loss: 0.004106801003217697  PSNR: 23.86496353149414
[TRAIN] Iter: 11800 Loss: 0.004997038282454014  PSNR: 23.012874603271484
[TRAIN] Iter: 11900 Loss: 0.004102784674614668  PSNR: 23.869213104248047
[TRAIN] Iter: 12000 Loss: 0.004543867893517017  PSNR: 23.425743103027344
[TRAIN] Iter: 12100 Loss: 0.004992764443159103  PSNR: 23.016590118408203
[TRAIN] Iter: 12200 Loss: 0.00425166729837656  PSNR: 23.714406967163086
[TRAIN] Iter: 12300 Loss: 0.005920428782701492  PSNR: 22.27646827697754
[TRAIN] Iter: 12400 Loss: 0.005330457352101803  PSNR: 22.73235511779785
[TRAIN] Iter: 12500 Loss: 0.005935266613960266  PSNR: 22.265596389770508
[TRAIN] Iter: 12600 Loss: 0.005003439262509346  PSNR: 23.007314682006836
[TRAIN] Iter: 12700 Loss: 0.004497069865465164  PSNR: 23.470703125
[TRAIN] Iter: 12800 Loss: 0.004402296617627144  PSNR: 23.563207626342773
[TRAIN] Iter: 12900 Loss: 0.0055173165164887905  PSNR: 22.582721710205078
[TRAIN] Iter: 13000 Loss: 0.005151563789695501  PSNR: 22.8806095123291
[TRAIN] Iter: 13100 Loss: 0.0038439687341451645  PSNR: 24.152198791503906
[TRAIN] Iter: 13200 Loss: 0.005069633014500141  PSNR: 22.950233459472656
[TRAIN] Iter: 13300 Loss: 0.005295883864164352  PSNR: 22.760616302490234
[TRAIN] Iter: 13400 Loss: 0.005726752802729607  PSNR: 22.420915603637695
[TRAIN] Iter: 13500 Loss: 0.005553155671805143  PSNR: 22.554601669311523
[TRAIN] Iter: 13600 Loss: 0.005025557242333889  PSNR: 22.988157272338867
[TRAIN] Iter: 13700 Loss: 0.0036956635303795338  PSNR: 24.323074340820312
[TRAIN] Iter: 13800 Loss: 0.005048473831266165  PSNR: 22.968399047851562
[TRAIN] Iter: 13900 Loss: 0.004110780544579029  PSNR: 23.86075782775879
[TRAIN] Iter: 14000 Loss: 0.005653893109411001  PSNR: 22.47652244567871
[TRAIN] Iter: 14100 Loss: 0.006910426076501608  PSNR: 21.604949951171875
[TRAIN] Iter: 14200 Loss: 0.005010530352592468  PSNR: 23.001163482666016
[TRAIN] Iter: 14300 Loss: 0.005799856036901474  PSNR: 22.365827560424805
[TRAIN] Iter: 14400 Loss: 0.00468917191028595  PSNR: 23.289037704467773
[TRAIN] Iter: 14500 Loss: 0.0027715167962014675  PSNR: 25.572824478149414
[TRAIN] Iter: 14600 Loss: 0.0046529690735042095  PSNR: 23.32269859313965
[TRAIN] Iter: 14700 Loss: 0.0033418568782508373  PSNR: 24.760122299194336
[TRAIN] Iter: 14800 Loss: 0.004579007159918547  PSNR: 23.392284393310547
[TRAIN] Iter: 14900 Loss: 0.004831794649362564  PSNR: 23.15891456604004
Saved checkpoints at ./logs/blender_lego_coarse/015000.tar
[TRAIN] Iter: 15000 Loss: 0.004065452143549919  PSNR: 23.908910751342773
[TRAIN] Iter: 15100 Loss: 0.005267289932817221  PSNR: 22.78412628173828
[TRAIN] Iter: 15200 Loss: 0.007025761064141989  PSNR: 21.533065795898438
[TRAIN] Iter: 15300 Loss: 0.0028093408327549696  PSNR: 25.51395606994629
[TRAIN] Iter: 15400 Loss: 0.005297496449202299  PSNR: 22.759292602539062
[TRAIN] Iter: 15500 Loss: 0.006398442201316357  PSNR: 21.93925666809082
[TRAIN] Iter: 15600 Loss: 0.0032910059671849012  PSNR: 24.826711654663086
[TRAIN] Iter: 15700 Loss: 0.005600942298769951  PSNR: 22.51738929748535
[TRAIN] Iter: 15800 Loss: 0.004674956202507019  PSNR: 23.30222511291504
[TRAIN] Iter: 15900 Loss: 0.0045106252655386925  PSNR: 23.457632064819336
[TRAIN] Iter: 16000 Loss: 0.0038883050438016653  PSNR: 24.10239601135254
[TRAIN] Iter: 16100 Loss: 0.003919781185686588  PSNR: 24.067380905151367
[TRAIN] Iter: 16200 Loss: 0.004243298899382353  PSNR: 23.722963333129883
[TRAIN] Iter: 16300 Loss: 0.006456382572650909  PSNR: 21.90010643005371
[TRAIN] Iter: 16400 Loss: 0.005284768994897604  PSNR: 22.76974105834961
[TRAIN] Iter: 16500 Loss: 0.0028187865391373634  PSNR: 25.499378204345703
[TRAIN] Iter: 16600 Loss: 0.0044273436069488525  PSNR: 23.5385684967041
[TRAIN] Iter: 16700 Loss: 0.005940315779298544  PSNR: 22.26190185546875
[TRAIN] Iter: 16800 Loss: 0.003677635919302702  PSNR: 24.344310760498047
[TRAIN] Iter: 16900 Loss: 0.004341681953519583  PSNR: 23.62342071533203
[TRAIN] Iter: 17000 Loss: 0.004726137034595013  PSNR: 23.25493621826172
[TRAIN] Iter: 17100 Loss: 0.003945952747017145  PSNR: 24.038480758666992
[TRAIN] Iter: 17200 Loss: 0.004776485729962587  PSNR: 23.20891571044922
[TRAIN] Iter: 17300 Loss: 0.005032765679061413  PSNR: 22.98193359375
[TRAIN] Iter: 17400 Loss: 0.005532047711312771  PSNR: 22.57114028930664
[TRAIN] Iter: 17500 Loss: 0.003724002745002508  PSNR: 24.289899826049805
[TRAIN] Iter: 17600 Loss: 0.004124774131923914  PSNR: 23.845998764038086
[TRAIN] Iter: 17700 Loss: 0.002978078555315733  PSNR: 25.260637283325195
[TRAIN] Iter: 17800 Loss: 0.005353137385100126  PSNR: 22.71391487121582
[TRAIN] Iter: 17900 Loss: 0.002722373930737376  PSNR: 25.65052032470703
[TRAIN] Iter: 18000 Loss: 0.005689623765647411  PSNR: 22.44916534423828
[TRAIN] Iter: 18100 Loss: 0.0028482002671808004  PSNR: 25.454294204711914
[TRAIN] Iter: 18200 Loss: 0.005543251987546682  PSNR: 22.56235122680664
[TRAIN] Iter: 18300 Loss: 0.005867897532880306  PSNR: 22.315176010131836
[TRAIN] Iter: 18400 Loss: 0.0023659581784158945  PSNR: 26.25992774963379
[TRAIN] Iter: 18500 Loss: 0.005535093601793051  PSNR: 22.568750381469727
[TRAIN] Iter: 18600 Loss: 0.004324963316321373  PSNR: 23.64017677307129
[TRAIN] Iter: 18700 Loss: 0.005018686410039663  PSNR: 22.994098663330078
[TRAIN] Iter: 18800 Loss: 0.00281222234480083  PSNR: 25.509502410888672
[TRAIN] Iter: 18900 Loss: 0.0032236163970083  PSNR: 24.91656494140625
[TRAIN] Iter: 19000 Loss: 0.004574068821966648  PSNR: 23.39697265625
[TRAIN] Iter: 19100 Loss: 0.005785324610769749  PSNR: 22.376724243164062
[TRAIN] Iter: 19200 Loss: 0.0037813386879861355  PSNR: 24.223543167114258
[TRAIN] Iter: 19300 Loss: 0.004256612621247768  PSNR: 23.70935821533203
[TRAIN] Iter: 19400 Loss: 0.0034110364504158497  PSNR: 24.67113494873047
[TRAIN] Iter: 19500 Loss: 0.0038776963483542204  PSNR: 24.114261627197266
[TRAIN] Iter: 19600 Loss: 0.0037664896808564663  PSNR: 24.240631103515625
[TRAIN] Iter: 19700 Loss: 0.004522491246461868  PSNR: 23.44622230529785
[TRAIN] Iter: 19800 Loss: 0.004743960686028004  PSNR: 23.238590240478516
[TRAIN] Iter: 19900 Loss: 0.004576424136757851  PSNR: 23.394737243652344
Saved checkpoints at ./logs/blender_lego_coarse/020000.tar
test poses shape torch.Size([3, 4, 4])
torch.Size([400, 400, 3]) torch.Size([400, 400])
Saved test results. Mean test PSNR: 22.54
[TRAIN] Iter: 20000 Loss: 0.004210382699966431  PSNR: 23.756784439086914
[TRAIN] Iter: 20100 Loss: 0.0039183772169053555  PSNR: 24.068937301635742
[TRAIN] Iter: 20200 Loss: 0.005042049568146467  PSNR: 22.97393035888672
[TRAIN] Iter: 20300 Loss: 0.0039872461929917336  PSNR: 23.993268966674805
[TRAIN] Iter: 20400 Loss: 0.005985873751342297  PSNR: 22.228723526000977
[TRAIN] Iter: 20500 Loss: 0.003763096407055855  PSNR: 24.24454689025879
[TRAIN] Iter: 20600 Loss: 0.005091249942779541  PSNR: 22.93175506591797
[TRAIN] Iter: 20700 Loss: 0.004331988748162985  PSNR: 23.633127212524414
[TRAIN] Iter: 20800 Loss: 0.005927359219640493  PSNR: 22.27138900756836
[TRAIN] Iter: 20900 Loss: 0.00404141703620553  PSNR: 23.934663772583008
[TRAIN] Iter: 21000 Loss: 0.003397875465452671  PSNR: 24.687925338745117
[TRAIN] Iter: 21100 Loss: 0.003954080864787102  PSNR: 24.029544830322266
[TRAIN] Iter: 21200 Loss: 0.00383727066218853  PSNR: 24.159774780273438
[TRAIN] Iter: 21300 Loss: 0.004532601218670607  PSNR: 23.4365234375
[TRAIN] Iter: 21400 Loss: 0.00406971899792552  PSNR: 23.904356002807617
[TRAIN] Iter: 21500 Loss: 0.003834956092759967  PSNR: 24.162395477294922
[TRAIN] Iter: 21600 Loss: 0.0047011179849505424  PSNR: 23.27798843383789
[TRAIN] Iter: 21700 Loss: 0.005539000034332275  PSNR: 22.56568717956543
[TRAIN] Iter: 21800 Loss: 0.004222923424094915  PSNR: 23.743867874145508
[TRAIN] Iter: 21900 Loss: 0.005349648185074329  PSNR: 22.716747283935547
[TRAIN] Iter: 22000 Loss: 0.003307183738797903  PSNR: 24.805418014526367
