hello world
Loaded blender (138, 400, 400, 4) torch.Size([40, 4, 4]) [400, 400, 555.5555155968841] ./data/nerf_synthetic/lego
Begin
Number of TRAIN views are 100
Number of TEST views are 3
Number of VAL views are 13
[Config] Center cropping of size 200 x 200 is enabled until iter 500
[TRAIN] Iter: 100 Loss: 0.21645867824554443  PSNR: 9.673629760742188
[TRAIN] Iter: 200 Loss: 0.18782299757003784  PSNR: 10.355460166931152
[TRAIN] Iter: 300 Loss: 0.14812412858009338  PSNR: 11.961393356323242
[TRAIN] Iter: 400 Loss: 0.09789669513702393  PSNR: 13.30455207824707
test poses shape torch.Size([3, 4, 4])
torch.Size([400, 400, 3]) torch.Size([400, 400])
Saved test results. Mean test PSNR: 16.69
[TRAIN] Iter: 500 Loss: 0.046833332628011703  PSNR: 16.276445388793945
[TRAIN] Iter: 600 Loss: 0.025026563555002213  PSNR: 18.95159149169922
[TRAIN] Iter: 700 Loss: 0.025388045236468315  PSNR: 18.88922882080078
[TRAIN] Iter: 800 Loss: 0.023955952376127243  PSNR: 19.23541831970215
[TRAIN] Iter: 900 Loss: 0.017364758998155594  PSNR: 20.64520835876465
[TRAIN] Iter: 1000 Loss: 0.013607211410999298  PSNR: 21.68818473815918
[TRAIN] Iter: 1100 Loss: 0.02061549387872219  PSNR: 20.219608306884766
[TRAIN] Iter: 1200 Loss: 0.021286029368638992  PSNR: 19.774503707885742
[TRAIN] Iter: 1300 Loss: 0.01852305606007576  PSNR: 20.78221321105957
[TRAIN] Iter: 1400 Loss: 0.011859958991408348  PSNR: 22.37212371826172
[TRAIN] Iter: 1500 Loss: 0.026506217196583748  PSNR: 19.11353874206543
[TRAIN] Iter: 1600 Loss: 0.011916587129235268  PSNR: 22.504671096801758
[TRAIN] Iter: 1700 Loss: 0.016253480687737465  PSNR: 21.475542068481445
[TRAIN] Iter: 1800 Loss: 0.009113245643675327  PSNR: 23.607280731201172
[TRAIN] Iter: 1900 Loss: 0.016185522079467773  PSNR: 21.553327560424805
test poses shape torch.Size([3, 4, 4])
torch.Size([400, 400, 3]) torch.Size([400, 400])
Saved test results. Mean test PSNR: 20.74
[TRAIN] Iter: 2000 Loss: 0.01832844316959381  PSNR: 20.772851943969727
[TRAIN] Iter: 2100 Loss: 0.01034084614366293  PSNR: 23.315349578857422
[TRAIN] Iter: 2200 Loss: 0.009952307678759098  PSNR: 23.785654067993164
[TRAIN] Iter: 2300 Loss: 0.014769286848604679  PSNR: 21.951845169067383
[TRAIN] Iter: 2400 Loss: 0.012246599420905113  PSNR: 22.937047958374023
[TRAIN] Iter: 2500 Loss: 0.011599643155932426  PSNR: 23.41472625732422
[TRAIN] Iter: 2600 Loss: 0.008287664502859116  PSNR: 24.172042846679688
[TRAIN] Iter: 2700 Loss: 0.014045711606740952  PSNR: 22.21813201904297
[TRAIN] Iter: 2800 Loss: 0.01406086701899767  PSNR: 21.989173889160156
[TRAIN] Iter: 2900 Loss: 0.011521538719534874  PSNR: 23.243581771850586
[TRAIN] Iter: 3000 Loss: 0.011346821673214436  PSNR: 23.443859100341797
[TRAIN] Iter: 3100 Loss: 0.011182109825313091  PSNR: 23.536235809326172
[TRAIN] Iter: 3200 Loss: 0.011089528910815716  PSNR: 23.413108825683594
[TRAIN] Iter: 3300 Loss: 0.010703478939831257  PSNR: 23.158916473388672
[TRAIN] Iter: 3400 Loss: 0.010574733838438988  PSNR: 23.750486373901367
[TRAIN] Iter: 3500 Loss: 0.010442684404551983  PSNR: 23.8782958984375
[TRAIN] Iter: 3600 Loss: 0.01165580190718174  PSNR: 23.38421630859375
[TRAIN] Iter: 3700 Loss: 0.007250512950122356  PSNR: 25.02252769470215
[TRAIN] Iter: 3800 Loss: 0.01102091558277607  PSNR: 23.18414306640625
[TRAIN] Iter: 3900 Loss: 0.01057693362236023  PSNR: 23.635467529296875
[TRAIN] Iter: 4000 Loss: 0.012014023959636688  PSNR: 23.47954559326172
[TRAIN] Iter: 4100 Loss: 0.013127056881785393  PSNR: 23.464813232421875
[TRAIN] Iter: 4200 Loss: 0.008794113993644714  PSNR: 24.471220016479492
[TRAIN] Iter: 4300 Loss: 0.010032353922724724  PSNR: 23.862207412719727
[TRAIN] Iter: 4400 Loss: 0.013456101529300213  PSNR: 22.76242446899414
[TRAIN] Iter: 4500 Loss: 0.011285575106739998  PSNR: 23.501867294311523
[TRAIN] Iter: 4600 Loss: 0.007774464786052704  PSNR: 24.921396255493164
[TRAIN] Iter: 4700 Loss: 0.00850340723991394  PSNR: 24.160993576049805
[TRAIN] Iter: 4800 Loss: 0.008588290773332119  PSNR: 24.266759872436523
[TRAIN] Iter: 4900 Loss: 0.008346987888216972  PSNR: 25.07262420654297
Saved checkpoints at ./logs/blender_lego_fine/005000.tar
test poses shape torch.Size([3, 4, 4])
torch.Size([400, 400, 3]) torch.Size([400, 400])
Saved test results. Mean test PSNR: 23.19
[TRAIN] Iter: 5000 Loss: 0.010869819670915604  PSNR: 23.848953247070312
[TRAIN] Iter: 5100 Loss: 0.009228593669831753  PSNR: 24.445117950439453
[TRAIN] Iter: 5200 Loss: 0.013037451542913914  PSNR: 23.050697326660156
[TRAIN] Iter: 5300 Loss: 0.00941779650747776  PSNR: 24.567813873291016
[TRAIN] Iter: 5400 Loss: 0.012821189127862453  PSNR: 22.802621841430664
[TRAIN] Iter: 5500 Loss: 0.010543474927544594  PSNR: 24.374906539916992
[TRAIN] Iter: 5600 Loss: 0.006438717246055603  PSNR: 25.850292205810547
[TRAIN] Iter: 5700 Loss: 0.010194131173193455  PSNR: 24.034860610961914
[TRAIN] Iter: 5800 Loss: 0.009052475914359093  PSNR: 24.230493545532227
[TRAIN] Iter: 5900 Loss: 0.011005193926393986  PSNR: 23.221778869628906
[TRAIN] Iter: 6000 Loss: 0.0072141713462769985  PSNR: 25.65680694580078
[TRAIN] Iter: 6100 Loss: 0.008069157600402832  PSNR: 24.60956573486328
[TRAIN] Iter: 6200 Loss: 0.006806140765547752  PSNR: 25.714153289794922
[TRAIN] Iter: 6300 Loss: 0.00785582885146141  PSNR: 24.49411392211914
[TRAIN] Iter: 6400 Loss: 0.008879274129867554  PSNR: 24.039222717285156
[TRAIN] Iter: 6500 Loss: 0.008098465390503407  PSNR: 25.099903106689453
[TRAIN] Iter: 6600 Loss: 0.006889862008392811  PSNR: 25.150096893310547
[TRAIN] Iter: 6700 Loss: 0.00911568384617567  PSNR: 24.843116760253906
[TRAIN] Iter: 6800 Loss: 0.00990335177630186  PSNR: 23.7176513671875
[TRAIN] Iter: 6900 Loss: 0.009203952737152576  PSNR: 24.19044303894043
[TRAIN] Iter: 7000 Loss: 0.009118800982832909  PSNR: 24.826997756958008
[TRAIN] Iter: 7100 Loss: 0.008663978427648544  PSNR: 24.93543815612793
[TRAIN] Iter: 7200 Loss: 0.010653465986251831  PSNR: 24.549619674682617
[TRAIN] Iter: 7300 Loss: 0.007950013503432274  PSNR: 25.632041931152344
[TRAIN] Iter: 7400 Loss: 0.006475578993558884  PSNR: 26.15732765197754
[TRAIN] Iter: 7500 Loss: 0.007135386578738689  PSNR: 25.724117279052734
[TRAIN] Iter: 7600 Loss: 0.012317542918026447  PSNR: 22.846843719482422
[TRAIN] Iter: 7700 Loss: 0.010668695904314518  PSNR: 23.76126480102539
[TRAIN] Iter: 7800 Loss: 0.010876035317778587  PSNR: 23.572101593017578
[TRAIN] Iter: 7900 Loss: 0.010205533355474472  PSNR: 23.792980194091797
[TRAIN] Iter: 8000 Loss: 0.009106761775910854  PSNR: 24.555908203125
[TRAIN] Iter: 8100 Loss: 0.005789930000901222  PSNR: 26.26288414001465
[TRAIN] Iter: 8200 Loss: 0.007066051475703716  PSNR: 25.487003326416016
[TRAIN] Iter: 8300 Loss: 0.00824102945625782  PSNR: 25.051132202148438
[TRAIN] Iter: 8400 Loss: 0.007281594909727573  PSNR: 25.89978790283203
[TRAIN] Iter: 8500 Loss: 0.008664376102387905  PSNR: 25.08633041381836
[TRAIN] Iter: 8600 Loss: 0.006873722188174725  PSNR: 25.961400985717773
[TRAIN] Iter: 8700 Loss: 0.0066690449602901936  PSNR: 26.11301612854004
[TRAIN] Iter: 8800 Loss: 0.009729702956974506  PSNR: 24.635765075683594
[TRAIN] Iter: 8900 Loss: 0.007852386683225632  PSNR: 25.82143783569336
[TRAIN] Iter: 9000 Loss: 0.007497784681618214  PSNR: 25.38852310180664
[TRAIN] Iter: 9100 Loss: 0.006596684455871582  PSNR: 25.471214294433594
[TRAIN] Iter: 9200 Loss: 0.00852657575160265  PSNR: 25.285507202148438
[TRAIN] Iter: 9300 Loss: 0.01113259419798851  PSNR: 23.656227111816406
[TRAIN] Iter: 9400 Loss: 0.005598903633654118  PSNR: 27.29939079284668
[TRAIN] Iter: 9500 Loss: 0.005957490764558315  PSNR: 25.814815521240234
[TRAIN] Iter: 9600 Loss: 0.008065879344940186  PSNR: 25.384387969970703
[TRAIN] Iter: 9700 Loss: 0.010181472636759281  PSNR: 23.96354866027832
[TRAIN] Iter: 9800 Loss: 0.00625193677842617  PSNR: 26.15194320678711
[TRAIN] Iter: 9900 Loss: 0.008554093539714813  PSNR: 25.36444091796875
Saved checkpoints at ./logs/blender_lego_fine/010000.tar
test poses shape torch.Size([3, 4, 4])
torch.Size([400, 400, 3]) torch.Size([400, 400])
Saved test results. Mean test PSNR: 24.43
[TRAIN] Iter: 10000 Loss: 0.011562969535589218  PSNR: 23.845258712768555
[TRAIN] Iter: 10100 Loss: 0.010391807183623314  PSNR: 24.57342529296875
[TRAIN] Iter: 10200 Loss: 0.0081401402130723  PSNR: 24.70416259765625
[TRAIN] Iter: 10300 Loss: 0.008011148311197758  PSNR: 25.318599700927734
[TRAIN] Iter: 10400 Loss: 0.00921909511089325  PSNR: 24.272228240966797
[TRAIN] Iter: 10500 Loss: 0.006925235502421856  PSNR: 25.878494262695312
[TRAIN] Iter: 10600 Loss: 0.007526488974690437  PSNR: 25.455636978149414
[TRAIN] Iter: 10700 Loss: 0.005099942907691002  PSNR: 26.64089584350586
[TRAIN] Iter: 10800 Loss: 0.006176637019962072  PSNR: 26.233850479125977
[TRAIN] Iter: 10900 Loss: 0.007101378403604031  PSNR: 25.230932235717773
[TRAIN] Iter: 11000 Loss: 0.005025787279009819  PSNR: 27.152429580688477
[TRAIN] Iter: 11100 Loss: 0.006599615328013897  PSNR: 26.576507568359375
[TRAIN] Iter: 11200 Loss: 0.0061747245490550995  PSNR: 26.258411407470703
[TRAIN] Iter: 11300 Loss: 0.008893131278455257  PSNR: 24.859193801879883
[TRAIN] Iter: 11400 Loss: 0.006716502830386162  PSNR: 25.69087791442871
[TRAIN] Iter: 11500 Loss: 0.006044231820851564  PSNR: 25.734926223754883
[TRAIN] Iter: 11600 Loss: 0.00493428623303771  PSNR: 27.075119018554688
[TRAIN] Iter: 11700 Loss: 0.006233988329768181  PSNR: 25.6334228515625
[TRAIN] Iter: 11800 Loss: 0.007628658786416054  PSNR: 25.16318130493164
[TRAIN] Iter: 11900 Loss: 0.005920985713601112  PSNR: 26.772743225097656
[TRAIN] Iter: 12000 Loss: 0.007553841918706894  PSNR: 26.239192962646484
[TRAIN] Iter: 12100 Loss: 0.0070111798122525215  PSNR: 27.04253578186035
[TRAIN] Iter: 12200 Loss: 0.006380688864737749  PSNR: 26.286327362060547
[TRAIN] Iter: 12300 Loss: 0.007798356935381889  PSNR: 26.913074493408203
[TRAIN] Iter: 12400 Loss: 0.006618020124733448  PSNR: 26.037668228149414
[TRAIN] Iter: 12500 Loss: 0.007058229763060808  PSNR: 26.008943557739258
[TRAIN] Iter: 12600 Loss: 0.006668443791568279  PSNR: 26.121278762817383
[TRAIN] Iter: 12700 Loss: 0.007299014832824469  PSNR: 25.874380111694336
[TRAIN] Iter: 12800 Loss: 0.005639666225761175  PSNR: 28.596311569213867
[TRAIN] Iter: 12900 Loss: 0.007732356898486614  PSNR: 25.178442001342773
[TRAIN] Iter: 13000 Loss: 0.007550446316599846  PSNR: 25.05305290222168
[TRAIN] Iter: 13100 Loss: 0.005918553564697504  PSNR: 27.73685073852539
[TRAIN] Iter: 13200 Loss: 0.00853539165109396  PSNR: 25.42585563659668
[TRAIN] Iter: 13300 Loss: 0.0067939735017716885  PSNR: 27.362058639526367
[TRAIN] Iter: 13400 Loss: 0.007832386530935764  PSNR: 26.10165023803711
[TRAIN] Iter: 13500 Loss: 0.0058444710448384285  PSNR: 26.323312759399414
[TRAIN] Iter: 13600 Loss: 0.007004469633102417  PSNR: 26.634267807006836
[TRAIN] Iter: 13700 Loss: 0.005425136536359787  PSNR: 27.33125114440918
[TRAIN] Iter: 13800 Loss: 0.006834805011749268  PSNR: 25.457874298095703
[TRAIN] Iter: 13900 Loss: 0.00796686764806509  PSNR: 24.89150619506836
[TRAIN] Iter: 14000 Loss: 0.007873511873185635  PSNR: 26.34773826599121
[TRAIN] Iter: 14100 Loss: 0.009617680683732033  PSNR: 24.541213989257812
[TRAIN] Iter: 14200 Loss: 0.009143313392996788  PSNR: 25.07187271118164
[TRAIN] Iter: 14300 Loss: 0.007009780500084162  PSNR: 25.90597152709961
[TRAIN] Iter: 14400 Loss: 0.006940406747162342  PSNR: 25.748149871826172
[TRAIN] Iter: 14500 Loss: 0.004698093980550766  PSNR: 28.45975112915039
[TRAIN] Iter: 14600 Loss: 0.006298568099737167  PSNR: 25.625253677368164
[TRAIN] Iter: 14700 Loss: 0.006140592508018017  PSNR: 26.616806030273438
[TRAIN] Iter: 14800 Loss: 0.006251614540815353  PSNR: 26.991071701049805
[TRAIN] Iter: 14900 Loss: 0.006928527727723122  PSNR: 26.167190551757812
Saved checkpoints at ./logs/blender_lego_fine/015000.tar
[TRAIN] Iter: 15000 Loss: 0.006136282812803984  PSNR: 26.09307098388672
[TRAIN] Iter: 15100 Loss: 0.009032764472067356  PSNR: 24.21099090576172
[TRAIN] Iter: 15200 Loss: 0.009312663227319717  PSNR: 24.90845489501953
[TRAIN] Iter: 15300 Loss: 0.004844061564654112  PSNR: 28.446186065673828
[TRAIN] Iter: 15400 Loss: 0.008189210668206215  PSNR: 25.620031356811523
[TRAIN] Iter: 15500 Loss: 0.010318126529455185  PSNR: 24.178125381469727
[TRAIN] Iter: 15600 Loss: 0.005967112258076668  PSNR: 26.648027420043945
[TRAIN] Iter: 15700 Loss: 0.00842353142797947  PSNR: 25.29419708251953
[TRAIN] Iter: 15800 Loss: 0.00661811837926507  PSNR: 27.988113403320312
[TRAIN] Iter: 15900 Loss: 0.008194411173462868  PSNR: 24.633344650268555
[TRAIN] Iter: 16000 Loss: 0.006894790567457676  PSNR: 25.896419525146484
[TRAIN] Iter: 16100 Loss: 0.005769320763647556  PSNR: 26.878063201904297
[TRAIN] Iter: 16200 Loss: 0.005720282904803753  PSNR: 27.30064582824707
[TRAIN] Iter: 16300 Loss: 0.007252046838402748  PSNR: 26.3803768157959
[TRAIN] Iter: 16400 Loss: 0.006815043278038502  PSNR: 26.633020401000977
[TRAIN] Iter: 16500 Loss: 0.004628686234354973  PSNR: 27.475126266479492
[TRAIN] Iter: 16600 Loss: 0.006784370169043541  PSNR: 26.90125274658203
[TRAIN] Iter: 16700 Loss: 0.0074197109788656235  PSNR: 26.499189376831055
[TRAIN] Iter: 16800 Loss: 0.006544274277985096  PSNR: 26.695405960083008
[TRAIN] Iter: 16900 Loss: 0.006850228179246187  PSNR: 25.88164520263672
[TRAIN] Iter: 17000 Loss: 0.00734418211504817  PSNR: 26.9561767578125
[TRAIN] Iter: 17100 Loss: 0.006237891968339682  PSNR: 26.472671508789062
[TRAIN] Iter: 17200 Loss: 0.006830121390521526  PSNR: 26.100727081298828
[TRAIN] Iter: 17300 Loss: 0.007666910067200661  PSNR: 26.949289321899414
[TRAIN] Iter: 17400 Loss: 0.00827711634337902  PSNR: 25.62801742553711
[TRAIN] Iter: 17500 Loss: 0.006135224364697933  PSNR: 27.340850830078125
[TRAIN] Iter: 17600 Loss: 0.006011452525854111  PSNR: 26.506528854370117
[TRAIN] Iter: 17700 Loss: 0.004399899858981371  PSNR: 28.253135681152344
[TRAIN] Iter: 17800 Loss: 0.008956247009336948  PSNR: 24.733795166015625
[TRAIN] Iter: 17900 Loss: 0.004389421083033085  PSNR: 27.897714614868164
[TRAIN] Iter: 18000 Loss: 0.009384130127727985  PSNR: 24.588701248168945
[TRAIN] Iter: 18100 Loss: 0.004467463120818138  PSNR: 28.932825088500977
[TRAIN] Iter: 18200 Loss: 0.009111037477850914  PSNR: 25.65220832824707
[TRAIN] Iter: 18300 Loss: 0.008823267184197903  PSNR: 25.05007553100586
[TRAIN] Iter: 18400 Loss: 0.0029794718138873577  PSNR: 30.729597091674805
[TRAIN] Iter: 18500 Loss: 0.006663065403699875  PSNR: 26.731788635253906
[TRAIN] Iter: 18600 Loss: 0.0063692256808280945  PSNR: 26.19533348083496
[TRAIN] Iter: 18700 Loss: 0.007875819690525532  PSNR: 26.04742431640625
[TRAIN] Iter: 18800 Loss: 0.004656561184674501  PSNR: 27.387781143188477
[TRAIN] Iter: 18900 Loss: 0.0051476312801241875  PSNR: 27.835355758666992
[TRAIN] Iter: 19000 Loss: 0.006401910446584225  PSNR: 26.973573684692383
[TRAIN] Iter: 19100 Loss: 0.008238748647272587  PSNR: 25.907581329345703
[TRAIN] Iter: 19200 Loss: 0.005318842828273773  PSNR: 28.22962188720703
[TRAIN] Iter: 19300 Loss: 0.005826891399919987  PSNR: 27.245054244995117
[TRAIN] Iter: 19400 Loss: 0.006337488070130348  PSNR: 28.29422950744629
[TRAIN] Iter: 19500 Loss: 0.006359471008181572  PSNR: 25.955202102661133
[TRAIN] Iter: 19600 Loss: 0.005168629810214043  PSNR: 27.284273147583008
[TRAIN] Iter: 19700 Loss: 0.006043055094778538  PSNR: 27.130964279174805
[TRAIN] Iter: 19800 Loss: 0.006421840284019709  PSNR: 27.424213409423828
[TRAIN] Iter: 19900 Loss: 0.0074287476018071175  PSNR: 26.545730590820312
Saved checkpoints at ./logs/blender_lego_fine/020000.tar
test poses shape torch.Size([3, 4, 4])
torch.Size([400, 400, 3]) torch.Size([400, 400])
Saved test results. Mean test PSNR: 25.82
[TRAIN] Iter: 20000 Loss: 0.006066599860787392  PSNR: 26.895994186401367
[TRAIN] Iter: 20100 Loss: 0.00579334981739521  PSNR: 27.69550323486328
[TRAIN] Iter: 20200 Loss: 0.007330389693379402  PSNR: 27.05270004272461
[TRAIN] Iter: 20300 Loss: 0.00623422022908926  PSNR: 27.8841552734375
[TRAIN] Iter: 20400 Loss: 0.007864556275308132  PSNR: 25.454252243041992
[TRAIN] Iter: 20500 Loss: 0.005496442783623934  PSNR: 27.417707443237305
[TRAIN] Iter: 20600 Loss: 0.0070997197180986404  PSNR: 25.776321411132812
[TRAIN] Iter: 20700 Loss: 0.004901329055428505  PSNR: 27.213651657104492
[TRAIN] Iter: 20800 Loss: 0.008147239685058594  PSNR: 26.340232849121094
[TRAIN] Iter: 20900 Loss: 0.007051927037537098  PSNR: 26.318321228027344
[TRAIN] Iter: 21000 Loss: 0.004792270716279745  PSNR: 27.94965934753418
[TRAIN] Iter: 21100 Loss: 0.006573034916073084  PSNR: 26.103097915649414
[TRAIN] Iter: 21200 Loss: 0.006248820573091507  PSNR: 26.606847763061523
[TRAIN] Iter: 21300 Loss: 0.007634144276380539  PSNR: 25.14286994934082
[TRAIN] Iter: 21400 Loss: 0.00654663285240531  PSNR: 26.805017471313477
[TRAIN] Iter: 21500 Loss: 0.00582515075802803  PSNR: 26.270584106445312
[TRAIN] Iter: 21600 Loss: 0.008607554249465466  PSNR: 25.23415756225586
[TRAIN] Iter: 21700 Loss: 0.007784958463162184  PSNR: 26.43475341796875
[TRAIN] Iter: 21800 Loss: 0.00608354527503252  PSNR: 28.257476806640625
[TRAIN] Iter: 21900 Loss: 0.00737916212528944  PSNR: 26.153850555419922
[TRAIN] Iter: 22000 Loss: 0.004453259985893965  PSNR: 27.473190307617188
